2025-01-30 16:25:04 [백엔드 맛보기] info : 3000 포트에서 서버가 가동되었습니다.
2025-01-30 16:27:04 [백엔드 맛보기] info : 3000 포트에서 서버가 가동되었습니다.
2025-01-30 16:28:04 [백엔드 맛보기] info : 3000 포트에서 서버가 가동되었습니다.
2025-01-30 16:28:04 [백엔드 맛보기] info : POST /login 200 Response: false 비밀번호가 틀렸습니다.
2025-01-30 16:28:04 [백엔드 맛보기] info : POST /login 200 Response: false 비밀번호가 틀렸습니다.
2025-01-30 16:31:04 [백엔드 맛보기] info : 3000 포트에서 서버가 가동되었습니다.
2025-01-30 16:31:04 [백엔드 맛보기] info : POST /login 200 Response: false 비밀번호가 틀렸습니다.
2025-01-30 16:34:04 [백엔드 맛보기] info : 3000 포트에서 서버가 가동되었습니다.
2025-01-30 16:34:04 [백엔드 맛보기] info : POST /login 200 Response: true 
2025-01-30 16:34:04 [백엔드 맛보기] info : POST /login 200 Response: true 
2025-01-30 16:52:04 [백엔드 맛보기] info : 3000 포트에서 서버가 가동되었습니다.
2025-01-30 16:52:04 [백엔드 맛보기] info : POST /login 200 Response: false 
2025-01-30 19:10:04 [백엔드 맛보기] info : 3000 포트에서 서버가 가동되었습니다.
2025-01-30 19:25:04 [백엔드 맛보기] info : 3000 포트에서 서버가 가동되었습니다.
2025-01-30 19:33:04 [백엔드 맛보기] info : 3000 포트에서 서버가 가동되었습니다.
2025-01-30 19:33:04 [백엔드 맛보기] info : POST /childhoodfriend 201 Response: undefined 
2025-01-30 19:34:04 [백엔드 맛보기] info : POST /login 200 Response: false 
2025-01-30 19:34:04 [백엔드 맛보기] info : POST /childhoodfriend 201 Response: undefined 
2025-01-30 19:35:04 [백엔드 맛보기] info : POST /childhoodfriend 201 Response: undefined 
2025-01-30 19:40:04 [백엔드 맛보기] info : 3000 포트에서 서버가 가동되었습니다.
2025-01-30 19:41:04 [백엔드 맛보기] info : POST /login 200 Response: false 존재하지 않는 아이디입니다.
2025-01-30 19:41:04 [백엔드 맛보기] info : POST /childhoodfriend 202 Response: undefined 
2025-01-30 19:41:04 [백엔드 맛보기] info : POST /login 200 Response: false 존재하지 않는 아이디입니다.
2025-01-30 19:43:04 [백엔드 맛보기] info : 3000 포트에서 서버가 가동되었습니다.
2025-01-30 19:43:04 [백엔드 맛보기] info : POST /login 200 Response: true Login successful
2025-01-30 19:44:04 [백엔드 맛보기] info : POST /login 200 Response: false 존재하지 않는 아이디입니다.
2025-01-30 19:47:04 [백엔드 맛보기] info : 3000 포트에서 서버가 가동되었습니다.
2025-01-30 19:47:04 [백엔드 맛보기] info : POST /login 400 Response: true Login successful
2025-01-30 19:48:04 [백엔드 맛보기] info : 3000 포트에서 서버가 가동되었습니다.
2025-01-30 19:48:04 [백엔드 맛보기] info : POST /login 400 Response: true Login successful
2025-01-30 19:53:04 [백엔드 맛보기] info : 3000 포트에서 서버가 가동되었습니다.
2025-01-30 19:54:04 [백엔드 맛보기] info : POST /login 200 Response: true Login successful
2025-01-30 19:54:04 [백엔드 맛보기] info : POST /childhoodfriend 200 Response: true 
2025-01-30 20:47:04 [백엔드 맛보기] info : 3000 포트에서 서버가 가동되었습니다.
2025-01-30 20:47:04 [백엔드 맛보기] info : POST /login 200 Response: false 비밀번호가 틀렸습니다.
2025-01-30 21:08:04 [백엔드 맛보기] info : 3000 포트에서 서버가 가동되었습니다.
2025-01-30 21:14:04 [백엔드 맛보기] error : POST /register 409 Response: false Error: ER_BAD_NULL_ERROR: Column 'name' cannot be null
2025-01-30 21:22:04 [백엔드 맛보기] info : 3000 포트에서 서버가 가동되었습니다.
2025-01-30 21:23:04 [백엔드 맛보기] info : POST /register 201 Response: false Error: ER_BAD_NULL_ERROR: Column 'name' cannot be null
2025-01-30 21:24:04 [백엔드 맛보기] info : POST /register 201 Response: false Error: ER_BAD_NULL_ERROR: Column 'name' cannot be null
2025-01-30 21:25:04 [백엔드 맛보기] info : POST /register 201 Response: false Error: ER_BAD_NULL_ERROR: Column 'name' cannot be null
2025-01-30 21:32:04 [백엔드 맛보기] info : POST /register 201 Response: false Error: ER_BAD_NULL_ERROR: Column 'psword' cannot be null
2025-01-30 21:34:04 [백엔드 맛보기] info : 3000 포트에서 서버가 가동되었습니다.
2025-01-30 21:34:04 [백엔드 맛보기] info : POST /register 201 Response: true 
2025-01-30 21:37:04 [백엔드 맛보기] info : 3000 포트에서 서버가 가동되었습니다.
2025-01-30 21:38:04 [백엔드 맛보기] info : POST /register 201 Response: undefined Registance successful
2025-01-30 21:38:04 [백엔드 맛보기] info : POST /login 200 Response: true Login successful
2025-01-30 21:43:04 [백엔드 맛보기] info : POST /login 200 Response: false 존재하지 않는 아이디입니다.
2025-01-30 21:44:04 [백엔드 맛보기] info : POST /login 200 Response: false 비밀번호가 틀렸습니다.
2025-01-30 21:44:04 [백엔드 맛보기] info : POST /login 200 Response: true Login successful
2025-01-30 22:46:04 [백엔드 맛보기] info : 3000 포트에서 서버가 가동되었습니다.
2025-01-30 22:49:04 [백엔드 맛보기] info : POST /login 200 Response: true Login successful
2025-01-30 22:52:04 [백엔드 맛보기] info : POST /login 200 Response: true Login successful
2025-01-30 22:56:04 [백엔드 맛보기] info : POST /login 200 Response: true Login successful
2025-01-30 22:59:04 [백엔드 맛보기] info : POST /login 200 Response: true Login successful
2025-01-30 22:59:04 [백엔드 맛보기] info : POST /getbirth 200 Response: false 존재하지 않는 아이디입니다.
2025-01-30 22:59:04 [백엔드 맛보기] info : POST /getbirth 200 Response: false 존재하지 않는 아이디입니다.
2025-01-30 23:04:04 [백엔드 맛보기] info : POST /login 200 Response: true Login successful
2025-01-30 23:04:04 [백엔드 맛보기] info : POST /getbirth 200 Response: false 존재하지 않는 아이디입니다.
2025-01-30 23:13:04 [백엔드 맛보기] info : 3000 포트에서 서버가 가동되었습니다.
2025-01-30 23:13:04 [백엔드 맛보기] info : POST /login 200 Response: true Login successful
2025-01-30 23:13:04 [백엔드 맛보기] info : POST /getbirth 200 Response: true Thu Aug 20 1970 17:00:00 GMT+0900 (대한민국 표준시)
2025-01-30 23:14:04 [백엔드 맛보기] info : POST /getbirth 200 Response: true Thu Aug 20 1970 17:00:00 GMT+0900 (대한민국 표준시)
2025-01-30 23:16:04 [백엔드 맛보기] info : POST /login 200 Response: true Login successful
2025-01-30 23:16:04 [백엔드 맛보기] info : POST /getbirth 200 Response: true Thu Aug 20 1970 17:00:00 GMT+0900 (대한민국 표준시)
2025-01-30 23:19:04 [백엔드 맛보기] info : POST /login 200 Response: true Login successful
2025-01-30 23:19:04 [백엔드 맛보기] info : POST /getbirth 200 Response: true Thu Aug 20 1970 17:00:00 GMT+0900 (대한민국 표준시)
2025-01-30 23:22:04 [백엔드 맛보기] info : POST /login 200 Response: true Login successful
2025-01-30 23:22:04 [백엔드 맛보기] info : POST /getbirth 200 Response: true Thu Aug 20 1970 17:00:00 GMT+0900 (대한민국 표준시)
2025-01-30 23:23:04 [백엔드 맛보기] info : POST /login 200 Response: true Login successful
2025-01-30 23:23:04 [백엔드 맛보기] info : POST /getbirth 200 Response: true Thu Aug 20 1970 17:00:00 GMT+0900 (대한민국 표준시)
2025-01-30 23:26:04 [백엔드 맛보기] info : POST /login 200 Response: true Login successful
2025-01-30 23:26:04 [백엔드 맛보기] info : POST /getbirth 200 Response: true Thu Aug 20 1970 17:00:00 GMT+0900 (대한민국 표준시)
2025-01-30 23:31:04 [백엔드 맛보기] info : POST /login 200 Response: true Login successful
2025-01-30 23:31:04 [백엔드 맛보기] info : POST /getbirth 200 Response: true Thu Aug 20 1970 17:00:00 GMT+0900 (대한민국 표준시)
2025-01-30 23:35:04 [백엔드 맛보기] info : POST /login 200 Response: true Login successful
2025-01-30 23:35:04 [백엔드 맛보기] info : POST /getbirth 200 Response: true Thu Aug 20 1970 17:00:00 GMT+0900 (대한민국 표준시)
2025-01-30 23:35:04 [백엔드 맛보기] info : POST /childhoodfriend 200 Response: true 
2025-02-02 00:19:00 [백엔드 맛보기] info : 3000 포트에서 서버가 가동되었습니다.
2025-02-02 00:19:00 [백엔드 맛보기] info : POST /login 200 Response: true Login successful
2025-02-02 00:20:00 [백엔드 맛보기] info : POST /getbirth 200 Response: true Thu Aug 20 1970 17:00:00 GMT+0900 (대한민국 표준시)
2025-02-02 00:20:00 [백엔드 맛보기] info : POST /childhoodfriend 200 Response: true 
2025-02-02 00:20:00 [백엔드 맛보기] info : POST /getbirth 200 Response: true Thu Aug 20 1970 17:00:00 GMT+0900 (대한민국 표준시)
2025-02-02 00:20:00 [백엔드 맛보기] info : POST /childhoodfriend 200 Response: true 
2025-02-02 00:24:00 [백엔드 맛보기] info : POST /login 200 Response: true Login successful
2025-02-02 00:24:00 [백엔드 맛보기] info : POST /getbirth 200 Response: true Thu Aug 20 1970 17:00:00 GMT+0900 (대한민국 표준시)
2025-02-02 00:24:00 [백엔드 맛보기] info : POST /childhoodfriend 200 Response: true 
2025-02-02 00:24:00 [백엔드 맛보기] info : POST /getbirth 200 Response: true Thu Aug 20 1970 17:00:00 GMT+0900 (대한민국 표준시)
2025-02-02 00:24:00 [백엔드 맛보기] info : POST /childhoodfriend 200 Response: true 
2025-02-02 00:33:00 [백엔드 맛보기] info : POST /login 200 Response: true Login successful
2025-02-02 00:33:00 [백엔드 맛보기] info : POST /getbirth 200 Response: true Thu Aug 20 1970 17:00:00 GMT+0900 (대한민국 표준시)
2025-02-02 00:33:00 [백엔드 맛보기] info : POST /childhoodfriend 200 Response: true 
2025-02-02 00:33:00 [백엔드 맛보기] info : POST /getbirth 200 Response: true Thu Aug 20 1970 17:00:00 GMT+0900 (대한민국 표준시)
2025-02-02 00:33:00 [백엔드 맛보기] info : POST /childhoodfriend 200 Response: true 
2025-02-02 00:34:00 [백엔드 맛보기] info : POST /getbirth 200 Response: true Thu Aug 20 1970 17:00:00 GMT+0900 (대한민국 표준시)
2025-02-02 00:34:00 [백엔드 맛보기] info : POST /childhoodfriend 200 Response: true 
2025-02-02 00:39:00 [백엔드 맛보기] info : POST /login 200 Response: true Login successful
2025-02-02 00:39:00 [백엔드 맛보기] info : POST /getbirth 200 Response: true Thu Aug 20 1970 17:00:00 GMT+0900 (대한민국 표준시)
2025-02-02 00:39:00 [백엔드 맛보기] info : POST /childhoodfriend 200 Response: true 
2025-02-02 00:39:00 [백엔드 맛보기] info : POST /getbirth 200 Response: true Thu Aug 20 1970 17:00:00 GMT+0900 (대한민국 표준시)
2025-02-02 00:39:00 [백엔드 맛보기] info : POST /childhoodfriend 200 Response: true 
2025-02-02 00:59:00 [백엔드 맛보기] info : POST /login 200 Response: true Login successful
2025-02-02 00:59:00 [백엔드 맛보기] info : POST /getbirth 200 Response: true Thu Aug 20 1970 17:00:00 GMT+0900 (대한민국 표준시)
2025-02-02 00:59:00 [백엔드 맛보기] info : POST /childhoodfriend 200 Response: true 
2025-02-02 00:59:00 [백엔드 맛보기] info : POST /getbirth 200 Response: true Thu Aug 20 1970 17:00:00 GMT+0900 (대한민국 표준시)
2025-02-02 00:59:00 [백엔드 맛보기] info : POST /childhoodfriend 200 Response: true 
2025-02-02 01:02:00 [백엔드 맛보기] info : POST /login 200 Response: true Login successful
2025-02-02 01:02:00 [백엔드 맛보기] info : POST /getbirth 200 Response: true Thu Aug 20 1970 17:00:00 GMT+0900 (대한민국 표준시)
2025-02-02 01:02:00 [백엔드 맛보기] info : POST /childhoodfriend 200 Response: true 
2025-02-02 01:04:00 [백엔드 맛보기] info : POST /login 200 Response: true Login successful
2025-02-02 01:04:00 [백엔드 맛보기] info : POST /getbirth 200 Response: true Thu Aug 20 1970 17:00:00 GMT+0900 (대한민국 표준시)
2025-02-02 01:04:00 [백엔드 맛보기] info : POST /childhoodfriend 200 Response: true 
2025-02-02 01:05:00 [백엔드 맛보기] info : POST /login 200 Response: true Login successful
2025-02-02 01:07:00 [백엔드 맛보기] info : POST /login 200 Response: true Login successful
2025-02-02 01:08:00 [백엔드 맛보기] info : POST /getbirth 200 Response: true Thu Aug 20 1970 17:00:00 GMT+0900 (대한민국 표준시)
2025-02-02 01:08:00 [백엔드 맛보기] info : POST /childhoodfriend 200 Response: true 
2025-02-02 01:11:00 [백엔드 맛보기] info : POST /login 200 Response: true Login successful
2025-02-02 01:11:00 [백엔드 맛보기] info : POST /getbirth 200 Response: true Thu Aug 20 1970 17:00:00 GMT+0900 (대한민국 표준시)
2025-02-02 01:11:00 [백엔드 맛보기] info : POST /childhoodfriend 200 Response: true 
2025-02-02 01:12:00 [백엔드 맛보기] info : POST /login 200 Response: true Login successful
2025-02-02 01:12:00 [백엔드 맛보기] info : POST /getbirth 200 Response: true Thu Aug 20 1970 17:00:00 GMT+0900 (대한민국 표준시)
2025-02-02 01:12:00 [백엔드 맛보기] info : POST /childhoodfriend 200 Response: true 
2025-02-02 01:15:00 [백엔드 맛보기] info : POST /login 200 Response: true Login successful
2025-02-02 01:15:00 [백엔드 맛보기] info : POST /getbirth 200 Response: true Thu Aug 20 1970 17:00:00 GMT+0900 (대한민국 표준시)
2025-02-02 01:16:00 [백엔드 맛보기] info : POST /childhoodfriend 200 Response: true 
2025-02-02 01:16:00 [백엔드 맛보기] info : POST /getbirth 200 Response: true Thu Aug 20 1970 17:00:00 GMT+0900 (대한민국 표준시)
2025-02-02 01:16:00 [백엔드 맛보기] info : POST /childhoodfriend 200 Response: true 
2025-02-02 01:20:00 [백엔드 맛보기] info : POST /login 200 Response: true Login successful
2025-02-02 01:20:00 [백엔드 맛보기] info : POST /getbirth 200 Response: true Thu Aug 20 1970 17:00:00 GMT+0900 (대한민국 표준시)
2025-02-02 01:20:00 [백엔드 맛보기] info : POST /childhoodfriend 200 Response: true 
2025-02-02 01:20:00 [백엔드 맛보기] info : POST /getbirth 200 Response: true Thu Aug 20 1970 17:00:00 GMT+0900 (대한민국 표준시)
2025-02-02 01:20:00 [백엔드 맛보기] info : POST /childhoodfriend 200 Response: true 
2025-02-02 01:23:00 [백엔드 맛보기] info : POST /login 200 Response: true Login successful
2025-02-02 01:23:00 [백엔드 맛보기] info : POST /getbirth 200 Response: true Thu Aug 20 1970 17:00:00 GMT+0900 (대한민국 표준시)
2025-02-02 01:23:00 [백엔드 맛보기] info : POST /childhoodfriend 200 Response: true 
2025-02-02 01:24:00 [백엔드 맛보기] info : POST /login 200 Response: true Login successful
2025-02-02 01:25:00 [백엔드 맛보기] info : POST /getbirth 200 Response: true Thu Aug 20 1970 17:00:00 GMT+0900 (대한민국 표준시)
2025-02-02 01:25:00 [백엔드 맛보기] info : POST /childhoodfriend 200 Response: true 
2025-02-02 01:25:00 [백엔드 맛보기] info : POST /getbirth 200 Response: true Thu Aug 20 1970 17:00:00 GMT+0900 (대한민국 표준시)
2025-02-02 01:25:00 [백엔드 맛보기] info : POST /childhoodfriend 200 Response: true 
2025-02-02 01:25:00 [백엔드 맛보기] info : POST /getbirth 200 Response: true Thu Aug 20 1970 17:00:00 GMT+0900 (대한민국 표준시)
2025-02-02 01:25:00 [백엔드 맛보기] info : POST /childhoodfriend 200 Response: true 
2025-02-06 23:45:04 [백엔드 맛보기] info : 3000 포트에서 서버가 가동되었습니다.
2025-02-06 23:46:04 [백엔드 맛보기] info : POST /login 200 Response: true Login successful
2025-02-06 23:46:04 [백엔드 맛보기] info : POST /getbirth 200 Response: true Thu Aug 20 1970 17:00:00 GMT+0900 (대한민국 표준시)
2025-02-06 23:46:04 [백엔드 맛보기] info : POST /childhoodfriend 200 Response: false 
2025-02-06 23:54:04 [백엔드 맛보기] info : 3000 포트에서 서버가 가동되었습니다.
2025-02-06 23:54:04 [백엔드 맛보기] info : POST /login 200 Response: true Login successful
2025-02-06 23:54:04 [백엔드 맛보기] info : POST /getbirth 200 Response: true Thu Aug 20 1970 17:00:00 GMT+0900 (대한민국 표준시)
2025-02-06 23:54:04 [백엔드 맛보기] info : POST /childhoodfriend 200 Response: false 
2025-02-07 00:00:05 [백엔드 맛보기] info : 3000 포트에서 서버가 가동되었습니다.
2025-02-07 00:00:05 [백엔드 맛보기] info : POST /login 200 Response: true Login successful
2025-02-07 00:00:05 [백엔드 맛보기] info : POST /getbirth 200 Response: true Thu Aug 20 1970 17:00:00 GMT+0900 (대한민국 표준시)
2025-02-07 00:00:05 [백엔드 맛보기] info : POST /childhoodfriend 200 Response: false 
2025-02-07 00:07:05 [백엔드 맛보기] info : 3000 포트에서 서버가 가동되었습니다.
2025-02-07 00:07:05 [백엔드 맛보기] info : POST /login 200 Response: true Login successful
2025-02-07 00:07:05 [백엔드 맛보기] info : POST /getbirth 200 Response: true Thu Aug 20 1970 17:00:00 GMT+0900 (대한민국 표준시)
2025-02-07 00:07:05 [백엔드 맛보기] info : POST /childhoodfriend 200 Response: false 
2025-02-07 00:20:05 [백엔드 맛보기] info : 3000 포트에서 서버가 가동되었습니다.
2025-02-07 00:20:05 [백엔드 맛보기] info : POST /login 200 Response: true Login successful
2025-02-07 00:20:05 [백엔드 맛보기] info : POST /getbirth 200 Response: true Thu Aug 20 1970 17:00:00 GMT+0900 (대한민국 표준시)
2025-02-07 00:20:05 [백엔드 맛보기] info : POST /childhoodfriend 200 Response: true 
2025-02-07 00:21:05 [백엔드 맛보기] info : POST /getbirth 200 Response: true Thu Aug 20 1970 17:00:00 GMT+0900 (대한민국 표준시)
2025-02-07 00:21:05 [백엔드 맛보기] info : POST /childhoodfriend 200 Response: true 
2025-02-07 00:43:05 [백엔드 맛보기] info : 3000 포트에서 서버가 가동되었습니다.
2025-02-07 00:43:05 [백엔드 맛보기] info : POST /login 200 Response: true Login successful
2025-02-07 00:43:05 [백엔드 맛보기] info : POST /getbirth 200 Response: true Thu Aug 20 1970 17:00:00 GMT+0900 (대한민국 표준시)
2025-02-07 00:43:05 [백엔드 맛보기] info : POST /childhoodfriend 200 Response: true 
2025-02-07 00:59:05 [백엔드 맛보기] info : POST /login 200 Response: true Login successful
2025-02-07 00:59:05 [백엔드 맛보기] info : POST /getbirth 200 Response: true Thu Aug 20 1970 17:00:00 GMT+0900 (대한민국 표준시)
2025-02-07 00:59:05 [백엔드 맛보기] info : POST /childhoodfriend 200 Response: true 
2025-02-07 01:02:05 [백엔드 맛보기] info : POST /getbirth 200 Response: true Thu Aug 20 1970 17:00:00 GMT+0900 (대한민국 표준시)
2025-02-07 01:02:05 [백엔드 맛보기] info : POST /childhoodfriend 200 Response: true 
2025-02-07 01:03:05 [백엔드 맛보기] info : POST /getbirth 200 Response: true Thu Aug 20 1970 17:00:00 GMT+0900 (대한민국 표준시)
2025-02-07 01:03:05 [백엔드 맛보기] info : POST /childhoodfriend 200 Response: true 
2025-02-09 14:23:00 [백엔드 맛보기] info : 3000 포트에서 서버가 가동되었습니다.
2025-02-09 14:23:00 [백엔드 맛보기] info : POST /login 200 Response: true Login successful
2025-02-09 14:24:00 [백엔드 맛보기] info : POST /getbirth 200 Response: true Thu Aug 20 1970 17:00:00 GMT+0900 (대한민국 표준시)
2025-02-09 14:24:00 [백엔드 맛보기] info : POST /childhoodfriend 200 Response: true 
2025-02-09 14:24:00 [백엔드 맛보기] info : POST /getbirth 200 Response: true Thu Aug 20 1970 17:00:00 GMT+0900 (대한민국 표준시)
2025-02-09 14:24:00 [백엔드 맛보기] info : POST /childhoodfriend 200 Response: true 
2025-02-09 14:33:00 [백엔드 맛보기] info : 3000 포트에서 서버가 가동되었습니다.
2025-02-09 14:33:00 [백엔드 맛보기] info : POST /login 200 Response: true Login successful
2025-02-09 14:33:00 [백엔드 맛보기] info : POST /getbirth 200 Response: true Thu Aug 20 1970 17:00:00 GMT+0900 (대한민국 표준시)
2025-02-09 14:34:00 [백엔드 맛보기] info : POST /childhoodfriend 200 Response: true 
2025-02-09 14:37:00 [백엔드 맛보기] info : 3000 포트에서 서버가 가동되었습니다.
2025-02-09 14:37:00 [백엔드 맛보기] info : POST /login 200 Response: true Login successful
2025-02-09 14:37:00 [백엔드 맛보기] info : POST /getbirth 200 Response: true Thu Aug 20 1970 17:00:00 GMT+0900 (대한민국 표준시)
2025-02-09 14:37:00 [백엔드 맛보기] info : POST /childhoodfriend 200 Response: true 
2025-02-09 14:44:00 [백엔드 맛보기] info : 3000 포트에서 서버가 가동되었습니다.
2025-02-09 14:45:00 [백엔드 맛보기] info : POST /login 200 Response: true Login successful
2025-02-09 14:45:00 [백엔드 맛보기] info : POST /getbirth 200 Response: true Thu Aug 20 1970 17:00:00 GMT+0900 (대한민국 표준시)
2025-02-09 14:45:00 [백엔드 맛보기] info : POST /childhoodfriend 200 Response: true 
2025-02-09 15:00:00 [백엔드 맛보기] info : 3000 포트에서 서버가 가동되었습니다.
2025-02-09 15:00:00 [백엔드 맛보기] info : POST /login 200 Response: true Login successful
2025-02-09 15:00:00 [백엔드 맛보기] info : POST /getbirth 200 Response: true Thu Aug 20 1970 17:00:00 GMT+0900 (대한민국 표준시)
2025-02-09 15:01:00 [백엔드 맛보기] info : POST /childhoodfriend 200 Response: true 
2025-02-09 15:07:00 [백엔드 맛보기] info : 3000 포트에서 서버가 가동되었습니다.
2025-02-09 15:08:00 [백엔드 맛보기] info : POST /login 200 Response: true Login successful
2025-02-09 15:08:00 [백엔드 맛보기] info : POST /getbirth 200 Response: true Thu Aug 20 1970 17:00:00 GMT+0900 (대한민국 표준시)
2025-02-09 15:08:00 [백엔드 맛보기] info : POST /childhoodfriend 200 Response: true 
2025-02-09 15:16:00 [백엔드 맛보기] info : 3000 포트에서 서버가 가동되었습니다.
2025-02-09 15:16:00 [백엔드 맛보기] info : POST /login 200 Response: true Login successful
2025-02-09 15:16:00 [백엔드 맛보기] info : POST /getbirth 200 Response: true Thu Aug 20 1970 17:00:00 GMT+0900 (대한민국 표준시)
2025-02-09 15:16:00 [백엔드 맛보기] info : POST /childhoodfriend 200 Response: false 
2025-02-09 15:18:00 [백엔드 맛보기] info : 3000 포트에서 서버가 가동되었습니다.
2025-02-09 15:18:00 [백엔드 맛보기] info : POST /login 200 Response: true Login successful
2025-02-09 15:19:00 [백엔드 맛보기] info : POST /getbirth 200 Response: true Thu Aug 20 1970 17:00:00 GMT+0900 (대한민국 표준시)
2025-02-09 15:19:00 [백엔드 맛보기] info : POST /childhoodfriend 200 Response: true 
2025-02-09 15:22:00 [백엔드 맛보기] info : 3000 포트에서 서버가 가동되었습니다.
2025-02-09 15:22:00 [백엔드 맛보기] info : POST /login 200 Response: true Login successful
2025-02-09 15:22:00 [백엔드 맛보기] info : POST /getbirth 200 Response: true Thu Aug 20 1970 17:00:00 GMT+0900 (대한민국 표준시)
2025-02-09 15:22:00 [백엔드 맛보기] info : POST /childhoodfriend 200 Response: true 
2025-02-09 15:23:00 [백엔드 맛보기] info : 3000 포트에서 서버가 가동되었습니다.
2025-02-09 15:23:00 [백엔드 맛보기] info : POST /login 200 Response: true Login successful
2025-02-09 15:24:00 [백엔드 맛보기] info : POST /getbirth 200 Response: true Thu Aug 20 1970 17:00:00 GMT+0900 (대한민국 표준시)
2025-02-09 15:24:00 [백엔드 맛보기] info : POST /childhoodfriend 200 Response: true 
2025-02-09 15:31:00 [백엔드 맛보기] info : 3000 포트에서 서버가 가동되었습니다.
2025-02-09 15:31:00 [백엔드 맛보기] info : POST /login 200 Response: true Login successful
2025-02-09 15:31:00 [백엔드 맛보기] info : POST /getbirth 200 Response: true Thu Aug 20 1970 17:00:00 GMT+0900 (대한민국 표준시)
2025-02-09 15:32:00 [백엔드 맛보기] info : POST /childhoodfriend 200 Response: true 
2025-02-09 15:33:00 [백엔드 맛보기] info : 3000 포트에서 서버가 가동되었습니다.
2025-02-09 15:33:00 [백엔드 맛보기] info : POST /login 200 Response: true Login successful
2025-02-09 15:33:00 [백엔드 맛보기] info : POST /getbirth 200 Response: true Thu Aug 20 1970 17:00:00 GMT+0900 (대한민국 표준시)
2025-02-09 15:33:00 [백엔드 맛보기] info : POST /childhoodfriend 200 Response: true 
2025-02-09 15:36:00 [백엔드 맛보기] info : 3000 포트에서 서버가 가동되었습니다.
2025-02-09 15:36:00 [백엔드 맛보기] info : POST /login 200 Response: true Login successful
2025-02-09 15:36:00 [백엔드 맛보기] info : POST /getbirth 200 Response: true Thu Aug 20 1970 17:00:00 GMT+0900 (대한민국 표준시)
2025-02-09 15:36:00 [백엔드 맛보기] info : POST /childhoodfriend 200 Response: true 
2025-02-09 15:39:00 [백엔드 맛보기] info : 3000 포트에서 서버가 가동되었습니다.
2025-02-09 15:39:00 [백엔드 맛보기] info : POST /login 200 Response: true Login successful
2025-02-09 15:39:00 [백엔드 맛보기] info : POST /getbirth 200 Response: true Thu Aug 20 1970 17:00:00 GMT+0900 (대한민국 표준시)
2025-02-09 15:39:00 [백엔드 맛보기] info : POST /childhoodfriend 200 Response: true 
2025-02-09 15:42:00 [백엔드 맛보기] info : 3000 포트에서 서버가 가동되었습니다.
2025-02-09 15:42:00 [백엔드 맛보기] info : POST /login 200 Response: true Login successful
2025-02-09 15:42:00 [백엔드 맛보기] info : POST /getbirth 200 Response: true Thu Aug 20 1970 17:00:00 GMT+0900 (대한민국 표준시)
2025-02-09 18:40:00 [백엔드 맛보기] info : 3000 포트에서 서버가 가동되었습니다.
2025-02-09 18:41:00 [백엔드 맛보기] info : POST /login 200 Response: true Login successful
2025-02-09 18:41:00 [백엔드 맛보기] info : POST /getbirth 200 Response: true Thu Aug 20 1970 17:00:00 GMT+0900 (대한민국 표준시)
2025-02-09 18:42:00 [백엔드 맛보기] info : 3000 포트에서 서버가 가동되었습니다.
2025-02-09 18:42:00 [백엔드 맛보기] info : POST /getbirth 200 Response: true Thu Aug 20 1970 17:00:00 GMT+0900 (대한민국 표준시)
2025-02-09 22:44:00 [백엔드 맛보기] info : 3000 포트에서 서버가 가동되었습니다.
2025-02-09 22:44:00 [백엔드 맛보기] info : POST /login 200 Response: true Login successful
2025-02-09 22:44:00 [백엔드 맛보기] info : POST /getbirth 200 Response: true Thu Aug 20 1970 17:00:00 GMT+0900 (대한민국 표준시)
2025-02-09 23:29:00 [백엔드 맛보기] info : 3000 포트에서 서버가 가동되었습니다.
2025-02-09 23:29:00 [백엔드 맛보기] info : POST /login 200 Response: true Login successful
2025-02-09 23:29:00 [백엔드 맛보기] info : POST /getbirth 200 Response: true Thu Aug 20 1970 17:00:00 GMT+0900 (대한민국 표준시)
2025-02-09 23:31:00 [백엔드 맛보기] info : 3000 포트에서 서버가 가동되었습니다.
2025-02-09 23:31:00 [백엔드 맛보기] info : POST /login 200 Response: true Login successful
2025-02-09 23:31:00 [백엔드 맛보기] info : POST /getbirth 200 Response: true Thu Aug 20 1970 17:00:00 GMT+0900 (대한민국 표준시)
2025-02-09 23:31:00 [백엔드 맛보기] info : POST /childhoodfriend 200 Response: true 
2025-02-09 23:32:00 [백엔드 맛보기] info : POST /getbirth 200 Response: true Thu Aug 20 1970 17:00:00 GMT+0900 (대한민국 표준시)
2025-02-09 23:32:00 [백엔드 맛보기] info : POST /childhoodfriend 200 Response: true 
2025-02-09 23:38:00 [백엔드 맛보기] info : 3000 포트에서 서버가 가동되었습니다.
2025-02-09 23:38:00 [백엔드 맛보기] info : POST /login 200 Response: true Login successful
2025-02-09 23:38:00 [백엔드 맛보기] info : POST /getbirth 200 Response: true Thu Aug 20 1970 17:00:00 GMT+0900 (대한민국 표준시)
2025-02-09 23:38:00 [백엔드 맛보기] info : POST /childhoodfriend 200 Response: true 
2025-02-09 23:38:00 [백엔드 맛보기] info : POST /getbirth 200 Response: true Thu Aug 20 1970 17:00:00 GMT+0900 (대한민국 표준시)
2025-02-09 23:38:00 [백엔드 맛보기] info : POST /childhoodfriend 200 Response: true 
2025-02-09 23:45:00 [백엔드 맛보기] info : 3000 포트에서 서버가 가동되었습니다.
2025-02-09 23:45:00 [백엔드 맛보기] info : POST /login 200 Response: true Login successful
2025-02-09 23:45:00 [백엔드 맛보기] info : POST /getbirth 200 Response: true Thu Aug 20 1970 17:00:00 GMT+0900 (대한민국 표준시)
2025-02-09 23:45:00 [백엔드 맛보기] info : POST /childhoodfriend 200 Response: true 
2025-02-09 23:46:00 [백엔드 맛보기] info : POST /getbirth 200 Response: true Thu Aug 20 1970 17:00:00 GMT+0900 (대한민국 표준시)
2025-02-09 23:46:00 [백엔드 맛보기] info : POST /childhoodfriend 200 Response: true 
2025-02-09 23:47:00 [백엔드 맛보기] info : 3000 포트에서 서버가 가동되었습니다.
2025-02-09 23:47:00 [백엔드 맛보기] info : POST /login 200 Response: true Login successful
2025-02-09 23:47:00 [백엔드 맛보기] info : POST /getbirth 200 Response: true Thu Aug 20 1970 17:00:00 GMT+0900 (대한민국 표준시)
2025-02-09 23:47:00 [백엔드 맛보기] info : POST /childhoodfriend 200 Response: true 
2025-02-09 23:48:00 [백엔드 맛보기] info : POST /getbirth 200 Response: true Thu Aug 20 1970 17:00:00 GMT+0900 (대한민국 표준시)
2025-02-09 23:48:00 [백엔드 맛보기] info : POST /childhoodfriend 200 Response: true 
2025-02-09 23:48:00 [백엔드 맛보기] info : POST /getbirth 200 Response: true Thu Aug 20 1970 17:00:00 GMT+0900 (대한민국 표준시)
2025-02-09 23:48:00 [백엔드 맛보기] info : POST /childhoodfriend 200 Response: true 
2025-02-09 23:58:00 [백엔드 맛보기] info : 3000 포트에서 서버가 가동되었습니다.
2025-02-09 23:58:00 [백엔드 맛보기] info : POST /login 200 Response: true Login successful
2025-02-09 23:58:00 [백엔드 맛보기] info : POST /getbirth 200 Response: true Thu Aug 20 1970 17:00:00 GMT+0900 (대한민국 표준시)
2025-02-09 23:58:00 [백엔드 맛보기] info : POST /childhoodfriend 200 Response: true 
2025-02-10 00:03:01 [백엔드 맛보기] info : 3000 포트에서 서버가 가동되었습니다.
2025-02-10 00:04:01 [백엔드 맛보기] info : POST /login 200 Response: true Login successful
2025-02-10 00:04:01 [백엔드 맛보기] info : POST /getbirth 200 Response: true Thu Aug 20 1970 17:00:00 GMT+0900 (대한민국 표준시)
2025-02-10 00:04:01 [백엔드 맛보기] info : POST /childhoodfriend 200 Response: true 
2025-02-10 00:04:01 [백엔드 맛보기] info : POST /getbirth 200 Response: true Thu Aug 20 1970 17:00:00 GMT+0900 (대한민국 표준시)
2025-02-10 00:04:01 [백엔드 맛보기] info : POST /childhoodfriend 200 Response: true 
2025-02-10 00:04:01 [백엔드 맛보기] info : POST /getbirth 200 Response: true Thu Aug 20 1970 17:00:00 GMT+0900 (대한민국 표준시)
2025-02-10 00:04:01 [백엔드 맛보기] info : POST /childhoodfriend 200 Response: true 
2025-02-10 00:12:01 [백엔드 맛보기] info : 3000 포트에서 서버가 가동되었습니다.
2025-02-10 00:13:01 [백엔드 맛보기] info : POST /login 200 Response: true Login successful
2025-02-10 00:13:01 [백엔드 맛보기] info : POST /getbirth 200 Response: true Thu Aug 20 1970 17:00:00 GMT+0900 (대한민국 표준시)
2025-02-10 00:13:01 [백엔드 맛보기] info : POST /childhoodfriend 200 Response: true 
2025-02-10 00:19:01 [백엔드 맛보기] info : 3000 포트에서 서버가 가동되었습니다.
2025-02-10 00:20:01 [백엔드 맛보기] info : POST /login 200 Response: true Login successful
2025-02-10 00:20:01 [백엔드 맛보기] info : POST /getbirth 200 Response: true Thu Aug 20 1970 17:00:00 GMT+0900 (대한민국 표준시)
2025-02-10 00:20:01 [백엔드 맛보기] info : POST /childhoodfriend 200 Response: false 
2025-02-10 01:08:01 [백엔드 맛보기] info : 3000 포트에서 서버가 가동되었습니다.
2025-02-10 16:15:01 [백엔드 맛보기] info : 3000 포트에서 서버가 가동되었습니다.
2025-02-10 16:20:01 [백엔드 맛보기] info : 3000 포트에서 서버가 가동되었습니다.
2025-02-10 16:30:01 [백엔드 맛보기] info : 3000 포트에서 서버가 가동되었습니다.
2025-02-10 16:30:01 [백엔드 맛보기] info : POST /login 200 Response: true Login successful
2025-02-10 16:30:01 [백엔드 맛보기] info : POST /getbirth 200 Response: true Thu Aug 20 1970 17:00:00 GMT+0900 (대한민국 표준시)
2025-02-10 16:31:01 [백엔드 맛보기] info : POST /childhoodfriend 200 Response: true 
2025-02-10 16:31:01 [백엔드 맛보기] info : POST /getbirth 200 Response: true Thu Aug 20 1970 17:00:00 GMT+0900 (대한민국 표준시)
2025-02-10 16:31:01 [백엔드 맛보기] info : POST /childhoodfriend 200 Response: true 
2025-02-10 16:31:01 [백엔드 맛보기] info : POST /getbirth 200 Response: true Thu Aug 20 1970 17:00:00 GMT+0900 (대한민국 표준시)
2025-02-10 16:31:01 [백엔드 맛보기] info : POST /childhoodfriend 200 Response: true 
2025-02-10 16:34:01 [백엔드 맛보기] info : POST /login 200 Response: true Login successful
2025-02-10 16:35:01 [백엔드 맛보기] info : POST /getbirth 200 Response: true Fri Nov 30 1973 00:00:00 GMT+0900 (대한민국 표준시)
2025-02-10 16:35:01 [백엔드 맛보기] info : POST /childhoodfriend 200 Response: true 
2025-02-10 16:35:01 [백엔드 맛보기] info : POST /getbirth 200 Response: true Fri Nov 30 1973 00:00:00 GMT+0900 (대한민국 표준시)
2025-02-10 16:35:01 [백엔드 맛보기] info : POST /childhoodfriend 200 Response: true 
2025-02-10 16:35:01 [백엔드 맛보기] info : POST /getbirth 200 Response: true Fri Nov 30 1973 00:00:00 GMT+0900 (대한민국 표준시)
2025-02-10 16:35:01 [백엔드 맛보기] info : POST /childhoodfriend 200 Response: true 
2025-02-10 16:36:01 [백엔드 맛보기] info : POST /login 200 Response: true Login successful
2025-02-10 16:36:01 [백엔드 맛보기] info : POST /getbirth 200 Response: true Thu Aug 20 1970 17:00:00 GMT+0900 (대한민국 표준시)
2025-02-10 16:36:01 [백엔드 맛보기] info : POST /childhoodfriend 200 Response: true 
2025-02-10 16:36:01 [백엔드 맛보기] info : POST /getbirth 200 Response: true Thu Aug 20 1970 17:00:00 GMT+0900 (대한민국 표준시)
2025-02-10 16:36:01 [백엔드 맛보기] info : POST /childhoodfriend 200 Response: true 
2025-02-10 17:00:01 [CHF] info : 3000 포트에서 서버가 가동되었습니다.
2025-02-10 17:00:01 [CHF] info : POST /login 200 Response: true Login successful
2025-02-10 17:00:01 [CHF] info : POST /getbirth 200 Response: true Thu Aug 20 1970 17:00:00 GMT+0900 (대한민국 표준시)
2025-02-10 17:00:01 [CHF] info : POST /childhoodfriend 200 Response: true 
2025-02-10 17:00:01 [CHF] info : POST /getbirth 200 Response: true Thu Aug 20 1970 17:00:00 GMT+0900 (대한민국 표준시)
2025-02-10 17:01:01 [CHF] info : POST /childhoodfriend 200 Response: true 
2025-02-10 17:10:01 [CHF] info : 3000 포트에서 서버가 가동되었습니다.
2025-02-10 17:10:01 [CHF] info : POST /login 200 Response: true Login successful
2025-02-10 17:10:01 [CHF] info : POST /getbirth 200 Response: true Thu Aug 20 1970 17:00:00 GMT+0900 (대한민국 표준시)
2025-02-10 17:10:01 [CHF] info : POST /childhoodfriend 200 Response: true 
2025-02-10 17:11:01 [CHF] info : POST /getbirth 200 Response: true Thu Aug 20 1970 17:00:00 GMT+0900 (대한민국 표준시)
2025-02-10 17:11:01 [CHF] info : POST /childhoodfriend 200 Response: true 
2025-02-10 17:14:01 [CHF] info : POST /getbirth 200 Response: true Thu Aug 20 1970 17:00:00 GMT+0900 (대한민국 표준시)
2025-02-10 17:14:01 [CHF] info : POST /childhoodfriend 200 Response: true 
2025-02-10 17:21:01 [CHF] info : 3000 포트에서 서버가 가동되었습니다.
2025-02-10 17:21:01 [CHF] info : POST /login 200 Response: true Login successful
2025-02-10 17:21:01 [CHF] info : POST /getbirth 200 Response: true Fri Nov 30 1973 00:00:00 GMT+0900 (대한민국 표준시)
2025-02-10 17:21:01 [CHF] info : POST /childhoodfriend 200 Response: true 
2025-02-10 17:22:01 [CHF] info : POST /getbirth 200 Response: true Fri Nov 30 1973 00:00:00 GMT+0900 (대한민국 표준시)
2025-02-10 17:31:01 [CHF] info : 3000 포트에서 서버가 가동되었습니다.
2025-02-10 17:31:01 [CHF] info : POST /login 200 Response: true Login successful
2025-02-10 17:31:01 [CHF] info : POST /getbirth 200 Response: true Fri Nov 30 1973 00:00:00 GMT+0900 (대한민국 표준시)
2025-02-10 17:31:01 [CHF] info : POST /childhoodfriend 200 Response: true 
2025-02-10 17:32:01 [CHF] info : POST /getbirth 200 Response: true Fri Nov 30 1973 00:00:00 GMT+0900 (대한민국 표준시)
2025-02-10 17:32:01 [CHF] info : POST /childhoodfriend 200 Response: true 
2025-02-10 17:32:01 [CHF] info : POST /getbirth 200 Response: true Fri Nov 30 1973 00:00:00 GMT+0900 (대한민국 표준시)
2025-02-10 17:32:01 [CHF] info : POST /childhoodfriend 200 Response: true 
2025-02-10 17:38:01 [CHF] info : 3000 포트에서 서버가 가동되었습니다.
2025-02-10 17:38:01 [CHF] info : POST /login 200 Response: true Login successful
2025-02-10 17:38:01 [CHF] info : POST /getbirth 200 Response: true Thu Aug 20 1970 17:00:00 GMT+0900 (대한민국 표준시)
2025-02-10 17:38:01 [CHF] info : POST /childhoodfriend 200 Response: true 
2025-02-10 17:40:01 [CHF] info : POST /login 200 Response: true Login successful
2025-02-10 17:40:01 [CHF] info : POST /getbirth 200 Response: true Thu Aug 20 1970 17:00:00 GMT+0900 (대한민국 표준시)
2025-02-10 17:40:01 [CHF] info : 3000 포트에서 서버가 가동되었습니다.
2025-02-10 17:40:01 [CHF] info : POST /getbirth 200 Response: true Thu Aug 20 1970 17:00:00 GMT+0900 (대한민국 표준시)
2025-02-10 17:41:01 [CHF] info : 3000 포트에서 서버가 가동되었습니다.
2025-02-10 17:42:01 [CHF] info : POST /login 200 Response: true Login successful
2025-02-10 17:42:01 [CHF] info : POST /getbirth 200 Response: true Thu Aug 20 1970 17:00:00 GMT+0900 (대한민국 표준시)
2025-02-10 17:42:01 [CHF] info : POST /childhoodfriend 200 Response: true 
2025-02-10 17:42:01 [CHF] info : POST /getbirth 200 Response: true Thu Aug 20 1970 17:00:00 GMT+0900 (대한민국 표준시)
2025-02-10 17:42:01 [CHF] info : POST /childhoodfriend 200 Response: true 
2025-02-10 17:45:01 [CHF] info : POST /getbirth 200 Response: true Thu Aug 20 1970 17:00:00 GMT+0900 (대한민국 표준시)
2025-02-10 17:45:01 [CHF] info : POST /childhoodfriend 200 Response: true 
2025-02-10 17:46:01 [CHF] info : POST /getbirth 200 Response: true Thu Aug 20 1970 17:00:00 GMT+0900 (대한민국 표준시)
2025-02-10 17:46:01 [CHF] info : POST /childhoodfriend 200 Response: true 
2025-02-10 17:50:01 [CHF] info : 3000 포트에서 서버가 가동되었습니다.
2025-02-10 17:50:01 [CHF] info : POST /login 200 Response: true Login successful
2025-02-10 17:50:01 [CHF] info : POST /getbirth 200 Response: true Thu Aug 20 1970 17:00:00 GMT+0900 (대한민국 표준시)
2025-02-10 17:50:01 [CHF] info : POST /childhoodfriend 200 Response: true 
2025-02-10 17:51:01 [CHF] info : POST /getbirth 200 Response: true Thu Aug 20 1970 17:00:00 GMT+0900 (대한민국 표준시)
2025-02-10 17:51:01 [CHF] info : POST /childhoodfriend 200 Response: true 
2025-02-10 17:51:01 [CHF] info : POST /getbirth 200 Response: true Thu Aug 20 1970 17:00:00 GMT+0900 (대한민국 표준시)
2025-02-10 17:51:01 [CHF] info : POST /childhoodfriend 200 Response: true 
2025-02-10 20:27:01 [CHF] info : 3000 포트에서 서버가 가동되었습니다.
2025-02-10 20:27:01 [CHF] info : POST /login 200 Response: true Login successful
2025-02-10 20:28:01 [CHF] info : POST /getbirth 200 Response: true Thu Aug 20 1970 17:00:00 GMT+0900 (대한민국 표준시)
2025-02-10 20:28:01 [CHF] info : POST /childhoodfriend 200 Response: false 
2025-02-10 20:35:01 [CHF] info : 3000 포트에서 서버가 가동되었습니다.
2025-02-10 20:35:01 [CHF] info : POST /getbirth 200 Response: true Thu Aug 20 1970 17:00:00 GMT+0900 (대한민국 표준시)
2025-02-10 20:37:01 [CHF] info : 3000 포트에서 서버가 가동되었습니다.
2025-02-10 20:37:01 [CHF] info : POST /getbirth 200 Response: true Thu Aug 20 1970 17:00:00 GMT+0900 (대한민국 표준시)
2025-02-10 20:37:01 [CHF] info : POST /childhoodfriend 200 Response: true 
2025-02-10 20:38:01 [CHF] info : POST /getbirth 200 Response: true Thu Aug 20 1970 17:00:00 GMT+0900 (대한민국 표준시)
2025-02-10 20:38:01 [CHF] info : POST /childhoodfriend 200 Response: true 
2025-02-10 20:39:01 [CHF] info : POST /getbirth 200 Response: true Thu Aug 20 1970 17:00:00 GMT+0900 (대한민국 표준시)
2025-02-10 20:39:01 [CHF] info : POST /childhoodfriend 200 Response: true 
2025-02-10 20:39:01 [CHF] info : POST /getbirth 200 Response: true Thu Aug 20 1970 17:00:00 GMT+0900 (대한민국 표준시)
2025-02-10 20:39:01 [CHF] info : POST /childhoodfriend 200 Response: true 
2025-02-10 20:39:01 [CHF] info : POST /getbirth 200 Response: true Thu Aug 20 1970 17:00:00 GMT+0900 (대한민국 표준시)
2025-02-10 20:39:01 [CHF] info : POST /childhoodfriend 200 Response: true 
2025-02-10 20:40:01 [CHF] info : POST /getbirth 200 Response: true Thu Aug 20 1970 17:00:00 GMT+0900 (대한민국 표준시)
2025-02-10 20:40:01 [CHF] info : POST /childhoodfriend 200 Response: true 
2025-02-12 15:32:03 [CHF] info : 3000 포트에서 서버가 가동되었습니다.
2025-02-12 15:32:03 [CHF] info : POST /login 200 Response: true Login successful
2025-02-12 15:53:03 [CHF] info : 3000 포트에서 서버가 가동되었습니다.
2025-02-12 16:02:03 [CHF] info : 3000 포트에서 서버가 가동되었습니다.
2025-02-12 16:03:03 [CHF] info : POST /login 200 Response: true Login successful
2025-02-12 16:09:03 [CHF] info : 3000 포트에서 서버가 가동되었습니다.
2025-02-12 16:10:03 [CHF] info : POST /login 200 Response: true Login successful
2025-02-12 16:10:03 [CHF] info : POST /upload_image 200 Response: false 
2025-02-12 16:22:03 [CHF] info : 3000 포트에서 서버가 가동되었습니다.
2025-02-12 16:22:03 [CHF] info : POST /login 200 Response: true Login successful
2025-02-12 16:22:03 [CHF] info : POST /upload_image 200 Response: false 
2025-02-12 16:27:03 [CHF] info : 3000 포트에서 서버가 가동되었습니다.
2025-02-12 16:27:03 [CHF] info : POST /login 200 Response: true Login successful
2025-02-12 16:27:03 [CHF] info : POST /upload_image 200 Response: false 
2025-02-12 16:29:03 [CHF] info : 3000 포트에서 서버가 가동되었습니다.
2025-02-12 16:29:03 [CHF] info : POST /login 200 Response: true Login successful
2025-02-12 16:37:03 [CHF] info : 3000 포트에서 서버가 가동되었습니다.
2025-02-12 16:37:03 [CHF] info : POST /login 200 Response: true Login successful
2025-02-12 16:38:03 [CHF] info : 3000 포트에서 서버가 가동되었습니다.
2025-02-12 16:39:03 [CHF] info : POST /login 200 Response: true Login successful
2025-02-12 16:39:03 [CHF] info : POST /upload_image 200 Response: false 
2025-02-12 17:17:03 [CHF] info : POST /login 200 Response: true Login successful
2025-02-12 17:17:03 [CHF] info : POST /upload_image 200 Response: false 
2025-02-12 19:22:03 [CHF] info : 3000 포트에서 서버가 가동되었습니다.
2025-02-12 19:22:03 [CHF] info : POST /login 200 Response: true Login successful
2025-02-12 19:22:03 [CHF] info : POST /upload_image 200 Response: false 
2025-02-12 19:23:03 [CHF] info : 3000 포트에서 서버가 가동되었습니다.
2025-02-12 19:23:03 [CHF] info : POST /login 200 Response: true Login successful
2025-02-12 19:23:03 [CHF] info : POST /upload_image 200 Response: false 
2025-02-12 19:58:03 [CHF] info : 3000 포트에서 서버가 가동되었습니다.
2025-02-12 19:58:03 [CHF] info : POST /login 200 Response: true Login successful
2025-02-12 19:59:03 [CHF] info : 3000 포트에서 서버가 가동되었습니다.
2025-02-12 19:59:03 [CHF] info : POST /login 200 Response: true Login successful
2025-02-12 20:01:03 [CHF] info : 3000 포트에서 서버가 가동되었습니다.
2025-02-12 20:01:03 [CHF] info : POST /login 200 Response: true Login successful
2025-02-12 20:11:03 [CHF] info : 3000 포트에서 서버가 가동되었습니다.
2025-02-12 20:11:03 [CHF] info : POST /login 200 Response: true Login successful
2025-02-12 20:17:03 [CHF] info : 3000 포트에서 서버가 가동되었습니다.
2025-02-12 20:17:03 [CHF] info : POST /login 200 Response: true Login successful
2025-02-12 20:18:03 [CHF] info : POST /upload_image 200 Response: false 
2025-02-12 23:33:03 [CHF] info : 3000 포트에서 서버가 가동되었습니다.
2025-02-12 23:34:03 [CHF] info : POST /login 200 Response: true Login successful
2025-02-12 23:38:03 [CHF] info : POST /upload_image 200 Response: false 
2025-02-12 23:41:03 [CHF] info : POST /upload_image 200 Response: false 
2025-02-12 23:45:03 [CHF] info : 3000 포트에서 서버가 가동되었습니다.
2025-02-12 23:46:03 [CHF] info : POST /login 200 Response: true Login successful
2025-02-12 23:46:03 [CHF] info : POST /upload_image 200 Response: false 
2025-02-12 23:50:03 [CHF] info : 3000 포트에서 서버가 가동되었습니다.
2025-02-12 23:50:03 [CHF] info : POST /login 200 Response: true Login successful
2025-02-12 23:50:03 [CHF] info : POST /upload_image 200 Response: false 
2025-02-13 00:14:04 [CHF] info : 3000 포트에서 서버가 가동되었습니다.
2025-02-13 00:14:04 [CHF] info : POST /login 200 Response: true Login successful
2025-02-13 00:23:04 [CHF] info : 3000 포트에서 서버가 가동되었습니다.
2025-02-13 00:23:04 [CHF] info : POST /login 200 Response: true Login successful
2025-02-13 00:23:04 [CHF] info : POST /upload_image 200 Response: false 
2025-02-13 00:25:04 [CHF] info : 3000 포트에서 서버가 가동되었습니다.
2025-02-13 00:26:04 [CHF] info : POST /login 200 Response: true Login successful
2025-02-13 00:26:04 [CHF] info : POST /upload_image 200 Response: false 
2025-02-13 00:31:04 [CHF] info : 3000 포트에서 서버가 가동되었습니다.
2025-02-13 00:32:04 [CHF] info : POST /login 200 Response: true Login successful
2025-02-13 00:32:04 [CHF] info : POST /upload_image 200 Response: true upload complete.
2025-02-13 00:43:04 [CHF] info : 3000 포트에서 서버가 가동되었습니다.
2025-02-13 00:44:04 [CHF] info : POST /login 200 Response: true Login successful
2025-02-13 00:44:04 [CHF] info : POST /upload_image 200 Response: false 
2025-02-13 00:46:04 [CHF] info : 3000 포트에서 서버가 가동되었습니다.
2025-02-13 00:46:04 [CHF] info : POST /login 200 Response: true Login successful
2025-02-13 00:46:04 [CHF] info : POST /upload_image 200 Response: false 
2025-02-13 00:48:04 [CHF] info : 3000 포트에서 서버가 가동되었습니다.
2025-02-13 00:48:04 [CHF] info : POST /login 200 Response: true Login successful
2025-02-13 00:48:04 [CHF] info : POST /upload_image 200 Response: false 
2025-02-13 00:54:04 [CHF] info : 3000 포트에서 서버가 가동되었습니다.
2025-02-13 00:54:04 [CHF] info : POST /login 200 Response: true Login successful
2025-02-13 00:55:04 [CHF] info : POST /upload_image 200 Response: false 
2025-02-13 00:57:04 [CHF] info : 3000 포트에서 서버가 가동되었습니다.
2025-02-13 00:57:04 [CHF] info : POST /login 200 Response: true Login successful
2025-02-13 00:58:04 [CHF] info : POST /upload_image 200 Response: false 
2025-02-13 00:59:04 [CHF] info : 3000 포트에서 서버가 가동되었습니다.
2025-02-13 00:59:04 [CHF] info : POST /login 200 Response: true Login successful
2025-02-13 00:59:04 [CHF] info : POST /upload_image 200 Response: false 
2025-02-13 01:04:04 [CHF] info : 3000 포트에서 서버가 가동되었습니다.
2025-02-13 01:04:04 [CHF] info : POST /login 200 Response: true Login successful
2025-02-13 01:04:04 [CHF] info : POST /upload_image 200 Response: false 
2025-02-13 01:06:04 [CHF] info : 3000 포트에서 서버가 가동되었습니다.
2025-02-13 01:06:04 [CHF] info : POST /login 200 Response: true Login successful
2025-02-13 01:06:04 [CHF] info : POST /upload_image 200 Response: true upload complete.
2025-02-13 01:07:04 [CHF] info : POST /getbirth 200 Response: true Thu Aug 20 1970 17:00:00 GMT+0900 (대한민국 표준시)
2025-02-13 01:07:04 [CHF] info : POST /childhoodfriend 200 Response: true 
